{"uid":"fb913ab23c9cda30","name":"test_post_demo","fullName":"tests.test_demo_data_driving.TestPytestDemo#test_post_demo","historyId":"1072e2885073a77487fa949f8bbc242d","time":{"start":1754668231688,"stop":1754668237676,"duration":5988},"status":"failed","statusMessage":"AssertionError: assert 5.985986 < 3\n +  where 5.985986 = <built-in method total_seconds of datetime.timedelta object at 0x107890bd0>()\n +    where <built-in method total_seconds of datetime.timedelta object at 0x107890bd0> = datetime.timedelta(seconds=5, microseconds=985986).total_seconds\n +      where datetime.timedelta(seconds=5, microseconds=985986) = <Response [201]>.elapsed","statusTrace":"self = <tests.test_demo_data_driving.TestPytestDemo object at 0x106e3ee90>\n\n>   ???\nE   assert 5.985986 < 3\nE    +  where 5.985986 = <built-in method total_seconds of datetime.timedelta object at 0x107890bd0>()\nE    +    where <built-in method total_seconds of datetime.timedelta object at 0x107890bd0> = datetime.timedelta(seconds=5, microseconds=985986).total_seconds\nE    +      where datetime.timedelta(seconds=5, microseconds=985986) = <Response [201]>.elapsed\n\n/Users/jane/Documents/Code/Pytest/demo/pytest_api_test_001/tests/test_demo_data_driving.py:52: AssertionError","flaky":false,"newFailed":false,"newBroken":false,"newPassed":false,"retriesCount":0,"retriesStatusChange":false,"beforeStages":[{"name":"_verify_url","time":{"start":1754668224788,"stop":1754668224788,"duration":0},"status":"passed","steps":[],"attachments":[],"parameters":[],"shouldDisplayMessage":false,"stepsCount":0,"attachmentsCount":0,"hasContent":false,"attachmentStep":false},{"name":"base_url","time":{"start":1754668224788,"stop":1754668224788,"duration":0},"status":"passed","steps":[],"attachments":[],"parameters":[],"shouldDisplayMessage":false,"stepsCount":0,"attachmentsCount":0,"hasContent":false,"attachmentStep":false}],"afterStages":[],"labels":[{"name":"parentSuite","value":"tests"},{"name":"suite","value":"test_demo_data_driving"},{"name":"subSuite","value":"TestPytestDemo"},{"name":"host","value":"jane-2.local"},{"name":"thread","value":"13570-MainThread"},{"name":"framework","value":"pytest"},{"name":"language","value":"cpython3"},{"name":"package","value":"tests.test_demo_data_driving"},{"name":"resultFormat","value":"allure2"}],"parameters":[],"links":[],"hidden":true,"retry":true,"extra":{"categories":[],"tags":[]},"source":"fb913ab23c9cda30.json","parameterValues":[]}